  VectorNormañ.cpp
C:\Users\inmad\Documents\Enginyeria informatica\SGI\Seminarios_ISGI_2022\codebase\Utilidades.h(29,44): warning C4305: 'initializing': truncation from 'double' to 'const GLfloat'
C:\Users\inmad\Documents\Enginyeria informatica\SGI\Seminarios_ISGI_2022\codebase\Utilidades.h(30,45): warning C4305: 'initializing': truncation from 'double' to 'const GLfloat'
C:\Users\inmad\Documents\Enginyeria informatica\SGI\Seminarios_ISGI_2022\codebase\Utilidades.h(35,57): warning C4305: 'initializing': truncation from 'double' to 'const GLfloat'
C:\Users\inmad\Documents\Enginyeria informatica\SGI\Seminarios_ISGI_2022\codebase\Utilidades.h(36,57): warning C4305: 'initializing': truncation from 'double' to 'const GLfloat'
C:\Users\inmad\Documents\Enginyeria informatica\SGI\Seminarios_ISGI_2022\codebase\Utilidades.h(38,54): warning C4305: 'initializing': truncation from 'double' to 'const GLfloat'
C:\Users\inmad\Documents\Enginyeria informatica\SGI\Seminarios_ISGI_2022\codebase\Utilidades.h(252,37): warning C4305: 'argument': truncation from 'double' to 'GLfloat'
C:\Users\inmad\Documents\Enginyeria informatica\SGI\Seminarios_ISGI_2022\VectorNormal\VectorNormañ.cpp(21,32): warning C4305: 'initializing': truncation from 'double' to 'float'
C:\Users\inmad\Documents\Enginyeria informatica\SGI\Seminarios_ISGI_2022\VectorNormal\VectorNormañ.cpp(22,29): warning C4305: 'initializing': truncation from 'double' to 'float'
C:\Users\inmad\Documents\Enginyeria informatica\SGI\Seminarios_ISGI_2022\VectorNormal\VectorNormañ.cpp(30,41): warning C4244: '=': conversion from 'double' to 'GLfloat', possible loss of data
C:\Users\inmad\Documents\Enginyeria informatica\SGI\Seminarios_ISGI_2022\VectorNormal\VectorNormañ.cpp(31,45): warning C4244: '=': conversion from 'double' to 'GLfloat', possible loss of data
C:\Users\inmad\Documents\Enginyeria informatica\SGI\Seminarios_ISGI_2022\VectorNormal\VectorNormañ.cpp(32,45): warning C4244: '=': conversion from 'double' to 'GLfloat', possible loss of data
C:\Users\inmad\Documents\Enginyeria informatica\SGI\Seminarios_ISGI_2022\VectorNormal\VectorNormañ.cpp(33,45): warning C4244: '=': conversion from 'double' to 'GLfloat', possible loss of data
C:\Users\inmad\Documents\Enginyeria informatica\SGI\Seminarios_ISGI_2022\VectorNormal\VectorNormañ.cpp(73,13): warning C4244: 'initializing': conversion from 'double' to 'float', possible loss of data
C:\Users\inmad\Documents\Enginyeria informatica\SGI\Seminarios_ISGI_2022\VectorNormal\VectorNormañ.cpp(74,13): warning C4244: 'initializing': conversion from 'double' to 'float', possible loss of data
C:\Users\inmad\Documents\Enginyeria informatica\SGI\Seminarios_ISGI_2022\VectorNormal\VectorNormañ.cpp(97,13): warning C4244: 'initializing': conversion from 'double' to 'float', possible loss of data
C:\Users\inmad\Documents\Enginyeria informatica\SGI\Seminarios_ISGI_2022\VectorNormal\VectorNormañ.cpp(105,34): warning C4326: return type of 'main' should be 'int' instead of 'void'
  Generating code
  2 of 13 functions (15.4%) were compiled, the rest were copied from previous compilation.
    0 functions were new in current compilation
    0 functions had inline decision re-evaluated but remain unchanged
  Finished generating code
  VectorNormal.vcxproj -> C:\Users\inmad\Documents\Enginyeria informatica\SGI\Seminarios_ISGI_2022\VectorNormal\VectorNormal.exe
