  Mosaic.cpp
C:\Users\inmad\Documents\Enginyeria informatica\SGI\Seminarios_ISGI_2022\codebase\Utilidades.h(29,44): warning C4305: 'initializing': truncation from 'double' to 'const GLfloat'
C:\Users\inmad\Documents\Enginyeria informatica\SGI\Seminarios_ISGI_2022\codebase\Utilidades.h(30,45): warning C4305: 'initializing': truncation from 'double' to 'const GLfloat'
C:\Users\inmad\Documents\Enginyeria informatica\SGI\Seminarios_ISGI_2022\codebase\Utilidades.h(35,57): warning C4305: 'initializing': truncation from 'double' to 'const GLfloat'
C:\Users\inmad\Documents\Enginyeria informatica\SGI\Seminarios_ISGI_2022\codebase\Utilidades.h(36,57): warning C4305: 'initializing': truncation from 'double' to 'const GLfloat'
C:\Users\inmad\Documents\Enginyeria informatica\SGI\Seminarios_ISGI_2022\codebase\Utilidades.h(38,54): warning C4305: 'initializing': truncation from 'double' to 'const GLfloat'
C:\Users\inmad\Documents\Enginyeria informatica\SGI\Seminarios_ISGI_2022\codebase\Utilidades.h(252,37): warning C4305: 'argument': truncation from 'double' to 'GLfloat'
C:\Users\inmad\Documents\Enginyeria informatica\SGI\Seminarios_ISGI_2022\P2_Mosaic\Mosaic.cpp(20,32): warning C4305: 'initializing': truncation from 'double' to 'float'
C:\Users\inmad\Documents\Enginyeria informatica\SGI\Seminarios_ISGI_2022\P2_Mosaic\Mosaic.cpp(21,29): warning C4305: 'initializing': truncation from 'double' to 'float'
C:\Users\inmad\Documents\Enginyeria informatica\SGI\Seminarios_ISGI_2022\P2_Mosaic\Mosaic.cpp(25,41): warning C4244: '=': conversion from 'double' to 'GLfloat', possible loss of data
C:\Users\inmad\Documents\Enginyeria informatica\SGI\Seminarios_ISGI_2022\P2_Mosaic\Mosaic.cpp(26,45): warning C4244: '=': conversion from 'double' to 'GLfloat', possible loss of data
C:\Users\inmad\Documents\Enginyeria informatica\SGI\Seminarios_ISGI_2022\P2_Mosaic\Mosaic.cpp(27,45): warning C4244: '=': conversion from 'double' to 'GLfloat', possible loss of data
C:\Users\inmad\Documents\Enginyeria informatica\SGI\Seminarios_ISGI_2022\P2_Mosaic\Mosaic.cpp(28,45): warning C4244: '=': conversion from 'double' to 'GLfloat', possible loss of data
C:\Users\inmad\Documents\Enginyeria informatica\SGI\Seminarios_ISGI_2022\P2_Mosaic\Mosaic.cpp(61,24): warning C4305: 'argument': truncation from 'double' to 'GLfloat'
C:\Users\inmad\Documents\Enginyeria informatica\SGI\Seminarios_ISGI_2022\P2_Mosaic\Mosaic.cpp(105,21): warning C4305: 'argument': truncation from 'double' to 'GLfloat'
C:\Users\inmad\Documents\Enginyeria informatica\SGI\Seminarios_ISGI_2022\P2_Mosaic\Mosaic.cpp(114,34): warning C4326: return type of 'main' should be 'int' instead of 'void'
  Generating code
  1 of 6 functions (16.7%) were compiled, the rest were copied from previous compilation.
    0 functions were new in current compilation
    1 functions had inline decision re-evaluated but remain unchanged
  Finished generating code
  P2_Mosaic.vcxproj -> C:\Users\inmad\Documents\Enginyeria informatica\SGI\Seminarios_ISGI_2022\P2_Mosaic\P2_Mosaic.exe
